<?xml version="1.0" encoding="UTF-8"?>
<testsuite xmlns:xsi="http://www.w3.org/2001/XMLSchema-instance" xsi:noNamespaceSchemaLocation="https://maven.apache.org/surefire/maven-surefire-plugin/xsd/surefire-test-report.xsd" name="services.AccountTest" time="1.456" tests="1" errors="0" skipped="0" failures="0">
  <properties>
    <property name="java.specification.version" value="15"/>
    <property name="sun.cpu.isalist" value="amd64"/>
    <property name="sun.jnu.encoding" value="Cp1252"/>
    <property name="java.class.path" value="C:\Users\thoma\OneDrive\Dokumenter\GitHub\SDWS-ExamProject\account-service\target\test-classes;C:\Users\thoma\OneDrive\Dokumenter\GitHub\SDWS-ExamProject\account-service\target\classes;C:\Users\thoma\.m2\repository\com\google\code\gson\gson\2.8.5\gson-2.8.5.jar;C:\Users\thoma\.m2\repository\io\cucumber\cucumber-java\7.0.0\cucumber-java-7.0.0.jar;C:\Users\thoma\.m2\repository\io\cucumber\cucumber-core\7.0.0\cucumber-core-7.0.0.jar;C:\Users\thoma\.m2\repository\io\cucumber\cucumber-gherkin\7.0.0\cucumber-gherkin-7.0.0.jar;C:\Users\thoma\.m2\repository\io\cucumber\cucumber-gherkin-messages\7.0.0\cucumber-gherkin-messages-7.0.0.jar;C:\Users\thoma\.m2\repository\io\cucumber\messages\17.1.1\messages-17.1.1.jar;C:\Users\thoma\.m2\repository\io\cucumber\tag-expressions\4.0.2\tag-expressions-4.0.2.jar;C:\Users\thoma\.m2\repository\io\cucumber\cucumber-expressions\13.0.1\cucumber-expressions-13.0.1.jar;C:\Users\thoma\.m2\repository\io\cucumber\datatable\7.0.0\datatable-7.0.0.jar;C:\Users\thoma\.m2\repository\io\cucumber\cucumber-plugin\7.0.0\cucumber-plugin-7.0.0.jar;C:\Users\thoma\.m2\repository\io\cucumber\docstring\7.0.0\docstring-7.0.0.jar;C:\Users\thoma\.m2\repository\io\cucumber\html-formatter\17.0.0\html-formatter-17.0.0.jar;C:\Users\thoma\.m2\repository\io\cucumber\create-meta\6.0.1\create-meta-6.0.1.jar;C:\Users\thoma\.m2\repository\org\apiguardian\apiguardian-api\1.1.2\apiguardian-api-1.1.2.jar;C:\Users\thoma\.m2\repository\io\cucumber\cucumber-junit\7.0.0\cucumber-junit-7.0.0.jar;C:\Users\thoma\.m2\repository\junit\junit\4.13.2\junit-4.13.2.jar;C:\Users\thoma\.m2\repository\org\hamcrest\hamcrest-core\1.3\hamcrest-core-1.3.jar;C:\Users\thoma\.m2\repository\io\cucumber\cucumber-picocontainer\7.0.0\cucumber-picocontainer-7.0.0.jar;C:\Users\thoma\.m2\repository\org\picocontainer\picocontainer\2.15\picocontainer-2.15.jar;C:\Users\thoma\.m2\repository\org\junit\jupiter\junit-jupiter-engine\5.8.1\junit-jupiter-engine-5.8.1.jar;C:\Users\thoma\.m2\repository\org\junit\platform\junit-platform-engine\1.8.2\junit-platform-engine-1.8.2.jar;C:\Users\thoma\.m2\repository\org\opentest4j\opentest4j\1.2.0\opentest4j-1.2.0.jar;C:\Users\thoma\.m2\repository\org\junit\platform\junit-platform-commons\1.8.2\junit-platform-commons-1.8.2.jar;C:\Users\thoma\.m2\repository\org\junit\jupiter\junit-jupiter-api\5.8.2\junit-jupiter-api-5.8.2.jar;C:\Users\thoma\.m2\repository\org\junit\vintage\junit-vintage-engine\5.8.1\junit-vintage-engine-5.8.1.jar;C:\Users\thoma\.m2\repository\org\junit\platform\junit-platform-runner\1.8.1\junit-platform-runner-1.8.1.jar;C:\Users\thoma\.m2\repository\org\junit\platform\junit-platform-launcher\1.8.2\junit-platform-launcher-1.8.2.jar;C:\Users\thoma\.m2\repository\org\junit\platform\junit-platform-suite-api\1.8.2\junit-platform-suite-api-1.8.2.jar;C:\Users\thoma\.m2\repository\org\junit\platform\junit-platform-suite-commons\1.8.2\junit-platform-suite-commons-1.8.2.jar;C:\Users\thoma\.m2\repository\org\mockito\mockito-core\4.1.0\mockito-core-4.1.0.jar;C:\Users\thoma\.m2\repository\net\bytebuddy\byte-buddy\1.12.1\byte-buddy-1.12.1.jar;C:\Users\thoma\.m2\repository\net\bytebuddy\byte-buddy-agent\1.12.1\byte-buddy-agent-1.12.1.jar;C:\Users\thoma\.m2\repository\org\objenesis\objenesis\3.2\objenesis-3.2.jar;C:\Users\thoma\.m2\repository\org\jboss\resteasy\resteasy-client\4.7.1.Final\resteasy-client-4.7.1.Final.jar;C:\Users\thoma\.m2\repository\org\jboss\resteasy\resteasy-client-api\4.7.4.Final\resteasy-client-api-4.7.4.Final.jar;C:\Users\thoma\.m2\repository\org\jboss\resteasy\resteasy-core-spi\4.7.4.Final\resteasy-core-spi-4.7.4.Final.jar;C:\Users\thoma\.m2\repository\jakarta\validation\jakarta.validation-api\2.0.2\jakarta.validation-api-2.0.2.jar;C:\Users\thoma\.m2\repository\org\jboss\resteasy\resteasy-core\4.7.4.Final\resteasy-core-4.7.4.Final.jar;C:\Users\thoma\.m2\repository\jakarta\activation\jakarta.activation-api\1.2.1\jakarta.activation-api-1.2.1.jar;C:\Users\thoma\.m2\repository\com\ibm\async\asyncutil\0.1.0\asyncutil-0.1.0.jar;C:\Users\thoma\.m2\repository\io\smallrye\config\smallrye-config\2.7.0\smallrye-config-2.7.0.jar;C:\Users\thoma\.m2\repository\io\smallrye\config\smallrye-config-core\2.7.0\smallrye-config-core-2.7.0.jar;C:\Users\thoma\.m2\repository\org\eclipse\microprofile\config\microprofile-config-api\2.0\microprofile-config-api-2.0.jar;C:\Users\thoma\.m2\repository\io\smallrye\common\smallrye-common-expression\1.8.0\smallrye-common-expression-1.8.0.jar;C:\Users\thoma\.m2\repository\io\smallrye\common\smallrye-common-function\1.8.0\smallrye-common-function-1.8.0.jar;C:\Users\thoma\.m2\repository\io\smallrye\common\smallrye-common-constraint\1.8.0\smallrye-common-constraint-1.8.0.jar;C:\Users\thoma\.m2\repository\io\smallrye\common\smallrye-common-classloader\1.8.0\smallrye-common-classloader-1.8.0.jar;C:\Users\thoma\.m2\repository\io\smallrye\config\smallrye-config-common\2.7.0\smallrye-config-common-2.7.0.jar;C:\Users\thoma\.m2\repository\org\jboss\logging\jboss-logging\3.4.2.Final\jboss-logging-3.4.2.Final.jar;C:\Users\thoma\.m2\repository\org\apache\httpcomponents\httpclient\4.5.13\httpclient-4.5.13.jar;C:\Users\thoma\.m2\repository\org\apache\httpcomponents\httpcore\4.4.15\httpcore-4.4.15.jar;C:\Users\thoma\.m2\repository\commons-logging\commons-logging\1.2\commons-logging-1.2.jar;C:\Users\thoma\.m2\repository\commons-codec\commons-codec\1.15\commons-codec-1.15.jar;C:\Users\thoma\.m2\repository\commons-io\commons-io\2.11.0\commons-io-2.11.0.jar;C:\Users\thoma\.m2\repository\org\jboss\spec\javax\ws\rs\jboss-jaxrs-api_2.1_spec\2.0.1.Final\jboss-jaxrs-api_2.1_spec-2.0.1.Final.jar;C:\Users\thoma\.m2\repository\org\reactivestreams\reactive-streams\1.0.3\reactive-streams-1.0.3.jar;C:\Users\thoma\.m2\repository\io\quarkus\quarkus-resteasy-jaxb\2.6.1.Final\quarkus-resteasy-jaxb-2.6.1.Final.jar;C:\Users\thoma\.m2\repository\io\quarkus\quarkus-jaxb\2.6.1.Final\quarkus-jaxb-2.6.1.Final.jar;C:\Users\thoma\.m2\repository\io\quarkus\quarkus-jaxp\2.6.1.Final\quarkus-jaxp-2.6.1.Final.jar;C:\Users\thoma\.m2\repository\org\glassfish\jaxb\jaxb-runtime\2.3.3-b02\jaxb-runtime-2.3.3-b02.jar;C:\Users\thoma\.m2\repository\org\glassfish\jaxb\txw2\2.3.3-b02\txw2-2.3.3-b02.jar;C:\Users\thoma\.m2\repository\com\sun\istack\istack-commons-runtime\3.0.10\istack-commons-runtime-3.0.10.jar;C:\Users\thoma\.m2\repository\org\jboss\resteasy\resteasy-jaxb-provider\4.7.4.Final\resteasy-jaxb-provider-4.7.4.Final.jar;C:\Users\thoma\.m2\repository\org\jboss\spec\javax\xml\bind\jboss-jaxb-api_2.3_spec\2.0.0.Final\jboss-jaxb-api_2.3_spec-2.0.0.Final.jar;C:\Users\thoma\.m2\repository\io\quarkus\quarkus-resteasy-jsonb\2.6.1.Final\quarkus-resteasy-jsonb-2.6.1.Final.jar;C:\Users\thoma\.m2\repository\io\quarkus\quarkus-jsonb\2.6.1.Final\quarkus-jsonb-2.6.1.Final.jar;C:\Users\thoma\.m2\repository\org\eclipse\yasson\1.0.10\yasson-1.0.10.jar;C:\Users\thoma\.m2\repository\io\quarkus\quarkus-jsonp\2.6.1.Final\quarkus-jsonp-2.6.1.Final.jar;C:\Users\thoma\.m2\repository\org\jboss\resteasy\resteasy-json-binding-provider\4.7.4.Final\resteasy-json-binding-provider-4.7.4.Final.jar;C:\Users\thoma\.m2\repository\org\glassfish\jakarta.json\1.1.6\jakarta.json-1.1.6.jar;C:\Users\thoma\.m2\repository\jakarta\json\bind\jakarta.json.bind-api\1.0.2\jakarta.json.bind-api-1.0.2.jar;C:\Users\thoma\.m2\repository\org\jboss\resteasy\resteasy-json-p-provider\4.7.4.Final\resteasy-json-p-provider-4.7.4.Final.jar;C:\Users\thoma\.m2\repository\io\quarkus\quarkus-resteasy\2.6.1.Final\quarkus-resteasy-2.6.1.Final.jar;C:\Users\thoma\.m2\repository\io\quarkus\quarkus-vertx-http\2.6.1.Final\quarkus-vertx-http-2.6.1.Final.jar;C:\Users\thoma\.m2\repository\io\quarkus\quarkus-security-runtime-spi\2.6.1.Final\quarkus-security-runtime-spi-2.6.1.Final.jar;C:\Users\thoma\.m2\repository\io\quarkus\quarkus-mutiny\2.6.1.Final\quarkus-mutiny-2.6.1.Final.jar;C:\Users\thoma\.m2\repository\io\smallrye\reactive\mutiny\1.2.0\mutiny-1.2.0.jar;C:\Users\thoma\.m2\repository\io\quarkus\quarkus-smallrye-context-propagation\2.6.1.Final\quarkus-smallrye-context-propagation-2.6.1.Final.jar;C:\Users\thoma\.m2\repository\io\smallrye\smallrye-context-propagation\1.2.2\smallrye-context-propagation-1.2.2.jar;C:\Users\thoma\.m2\repository\io\smallrye\smallrye-context-propagation-api\1.2.2\smallrye-context-propagation-api-1.2.2.jar;C:\Users\thoma\.m2\repository\io\smallrye\smallrye-context-propagation-storage\1.2.2\smallrye-context-propagation-storage-1.2.2.jar;C:\Users\thoma\.m2\repository\io\smallrye\reactive\mutiny-smallrye-context-propagation\1.2.0\mutiny-smallrye-context-propagation-1.2.0.jar;C:\Users\thoma\.m2\repository\io\quarkus\quarkus-vertx-http-dev-console-runtime-spi\2.6.1.Final\quarkus-vertx-http-dev-console-runtime-spi-2.6.1.Final.jar;C:\Users\thoma\.m2\repository\io\quarkus\security\quarkus-security\1.1.4.Final\quarkus-security-1.1.4.Final.jar;C:\Users\thoma\.m2\repository\io\quarkus\quarkus-vertx\2.6.1.Final\quarkus-vertx-2.6.1.Final.jar;C:\Users\thoma\.m2\repository\io\quarkus\quarkus-netty\2.6.1.Final\quarkus-netty-2.6.1.Final.jar;C:\Users\thoma\.m2\repository\io\netty\netty-codec\4.1.72.Final\netty-codec-4.1.72.Final.jar;C:\Users\thoma\.m2\repository\io\netty\netty-codec-http\4.1.72.Final\netty-codec-http-4.1.72.Final.jar;C:\Users\thoma\.m2\repository\io\netty\netty-codec-http2\4.1.72.Final\netty-codec-http2-4.1.72.Final.jar;C:\Users\thoma\.m2\repository\io\netty\netty-handler\4.1.72.Final\netty-handler-4.1.72.Final.jar;C:\Users\thoma\.m2\repository\io\netty\netty-tcnative-classes\2.0.46.Final\netty-tcnative-classes-2.0.46.Final.jar;C:\Users\thoma\.m2\repository\io\netty\netty-codec-haproxy\4.1.72.Final\netty-codec-haproxy-4.1.72.Final.jar;C:\Users\thoma\.m2\repository\io\netty\netty-buffer\4.1.72.Final\netty-buffer-4.1.72.Final.jar;C:\Users\thoma\.m2\repository\io\netty\netty-transport\4.1.72.Final\netty-transport-4.1.72.Final.jar;C:\Users\thoma\.m2\repository\io\smallrye\common\smallrye-common-annotation\1.8.0\smallrye-common-annotation-1.8.0.jar;C:\Users\thoma\.m2\repository\io\smallrye\reactive\smallrye-mutiny-vertx-core\2.16.0\smallrye-mutiny-vertx-core-2.16.0.jar;C:\Users\thoma\.m2\repository\io\smallrye\reactive\smallrye-mutiny-vertx-runtime\2.16.0\smallrye-mutiny-vertx-runtime-2.16.0.jar;C:\Users\thoma\.m2\repository\io\smallrye\reactive\vertx-mutiny-generator\2.16.0\vertx-mutiny-generator-2.16.0.jar;C:\Users\thoma\.m2\repository\io\vertx\vertx-codegen\4.2.2\vertx-codegen-4.2.2.jar;C:\Users\thoma\.m2\repository\io\smallrye\smallrye-fault-tolerance-vertx\5.2.1\smallrye-fault-tolerance-vertx-5.2.1.jar;C:\Users\thoma\.m2\repository\io\smallrye\reactive\smallrye-mutiny-vertx-web\2.16.0\smallrye-mutiny-vertx-web-2.16.0.jar;C:\Users\thoma\.m2\repository\io\smallrye\reactive\smallrye-mutiny-vertx-web-common\2.16.0\smallrye-mutiny-vertx-web-common-2.16.0.jar;C:\Users\thoma\.m2\repository\io\smallrye\reactive\smallrye-mutiny-vertx-auth-common\2.16.0\smallrye-mutiny-vertx-auth-common-2.16.0.jar;C:\Users\thoma\.m2\repository\io\smallrye\reactive\smallrye-mutiny-vertx-bridge-common\2.16.0\smallrye-mutiny-vertx-bridge-common-2.16.0.jar;C:\Users\thoma\.m2\repository\io\vertx\vertx-web\4.2.2\vertx-web-4.2.2.jar;C:\Users\thoma\.m2\repository\io\vertx\vertx-web-common\4.2.2\vertx-web-common-4.2.2.jar;C:\Users\thoma\.m2\repository\io\vertx\vertx-auth-common\4.2.2\vertx-auth-common-4.2.2.jar;C:\Users\thoma\.m2\repository\io\vertx\vertx-bridge-common\4.2.2\vertx-bridge-common-4.2.2.jar;C:\Users\thoma\.m2\repository\io\vertx\vertx-core\4.2.2\vertx-core-4.2.2.jar;C:\Users\thoma\.m2\repository\io\netty\netty-common\4.1.72.Final\netty-common-4.1.72.Final.jar;C:\Users\thoma\.m2\repository\io\netty\netty-handler-proxy\4.1.72.Final\netty-handler-proxy-4.1.72.Final.jar;C:\Users\thoma\.m2\repository\io\netty\netty-codec-socks\4.1.72.Final\netty-codec-socks-4.1.72.Final.jar;C:\Users\thoma\.m2\repository\io\netty\netty-resolver\4.1.72.Final\netty-resolver-4.1.72.Final.jar;C:\Users\thoma\.m2\repository\io\netty\netty-resolver-dns\4.1.72.Final\netty-resolver-dns-4.1.72.Final.jar;C:\Users\thoma\.m2\repository\io\netty\netty-codec-dns\4.1.72.Final\netty-codec-dns-4.1.72.Final.jar;C:\Users\thoma\.m2\repository\com\fasterxml\jackson\core\jackson-core\2.12.6\jackson-core-2.12.6.jar;C:\Users\thoma\.m2\repository\io\quarkus\quarkus-resteasy-server-common\2.6.1.Final\quarkus-resteasy-server-common-2.6.1.Final.jar;C:\Users\thoma\.m2\repository\io\quarkus\quarkus-resteasy-common\2.6.1.Final\quarkus-resteasy-common-2.6.1.Final.jar;C:\Users\thoma\.m2\repository\io\quarkus\quarkus-arc\2.6.1.Final\quarkus-arc-2.6.1.Final.jar;C:\Users\thoma\.m2\repository\io\quarkus\arc\arc\2.6.1.Final\arc-2.6.1.Final.jar;C:\Users\thoma\.m2\repository\jakarta\enterprise\jakarta.enterprise.cdi-api\2.0.2\jakarta.enterprise.cdi-api-2.0.2.jar;C:\Users\thoma\.m2\repository\jakarta\el\jakarta.el-api\3.0.3\jakarta.el-api-3.0.3.jar;C:\Users\thoma\.m2\repository\jakarta\interceptor\jakarta.interceptor-api\1.2.5\jakarta.interceptor-api-1.2.5.jar;C:\Users\thoma\.m2\repository\jakarta\transaction\jakarta.transaction-api\1.3.3\jakarta.transaction-api-1.3.3.jar;C:\Users\thoma\.m2\repository\io\quarkus\quarkus-core\2.6.1.Final\quarkus-core-2.6.1.Final.jar;C:\Users\thoma\.m2\repository\jakarta\inject\jakarta.inject-api\1.0\jakarta.inject-api-1.0.jar;C:\Users\thoma\.m2\repository\io\quarkus\quarkus-ide-launcher\2.6.1.Final\quarkus-ide-launcher-2.6.1.Final.jar;C:\Users\thoma\.m2\repository\io\quarkus\quarkus-development-mode-spi\2.6.1.Final\quarkus-development-mode-spi-2.6.1.Final.jar;C:\Users\thoma\.m2\repository\org\jboss\logmanager\jboss-logmanager-embedded\1.0.9\jboss-logmanager-embedded-1.0.9.jar;C:\Users\thoma\.m2\repository\org\jboss\logging\jboss-logging-annotations\2.2.1.Final\jboss-logging-annotations-2.2.1.Final.jar;C:\Users\thoma\.m2\repository\org\jboss\threads\jboss-threads\3.4.2.Final\jboss-threads-3.4.2.Final.jar;C:\Users\thoma\.m2\repository\org\slf4j\slf4j-api\1.7.30\slf4j-api-1.7.30.jar;C:\Users\thoma\.m2\repository\org\jboss\slf4j\slf4j-jboss-logmanager\1.1.0.Final\slf4j-jboss-logmanager-1.1.0.Final.jar;C:\Users\thoma\.m2\repository\org\graalvm\sdk\graal-sdk\21.3.0\graal-sdk-21.3.0.jar;C:\Users\thoma\.m2\repository\org\wildfly\common\wildfly-common\1.5.4.Final-format-001\wildfly-common-1.5.4.Final-format-001.jar;C:\Users\thoma\.m2\repository\io\quarkus\quarkus-bootstrap-runner\2.6.1.Final\quarkus-bootstrap-runner-2.6.1.Final.jar;C:\Users\thoma\.m2\repository\io\quarkus\quarkus-fs-util\0.0.3\quarkus-fs-util-0.0.3.jar;C:\Users\thoma\.m2\repository\org\eclipse\microprofile\context-propagation\microprofile-context-propagation-api\1.2\microprofile-context-propagation-api-1.2.jar;C:\Users\thoma\.m2\repository\io\quarkus\quarkus-junit5\2.6.1.Final\quarkus-junit5-2.6.1.Final.jar;C:\Users\thoma\.m2\repository\io\quarkus\quarkus-bootstrap-core\2.6.1.Final\quarkus-bootstrap-core-2.6.1.Final.jar;C:\Users\thoma\.m2\repository\io\quarkus\quarkus-bootstrap-app-model\2.6.1.Final\quarkus-bootstrap-app-model-2.6.1.Final.jar;C:\Users\thoma\.m2\repository\io\quarkus\quarkus-bootstrap-maven-resolver\2.6.1.Final\quarkus-bootstrap-maven-resolver-2.6.1.Final.jar;C:\Users\thoma\.m2\repository\org\apache\maven\maven-embedder\3.8.4\maven-embedder-3.8.4.jar;C:\Users\thoma\.m2\repository\org\apache\maven\maven-settings\3.8.4\maven-settings-3.8.4.jar;C:\Users\thoma\.m2\repository\org\apache\maven\maven-core\3.8.4\maven-core-3.8.4.jar;C:\Users\thoma\.m2\repository\org\apache\maven\maven-artifact\3.8.4\maven-artifact-3.8.4.jar;C:\Users\thoma\.m2\repository\org\codehaus\plexus\plexus-component-annotations\2.1.0\plexus-component-annotations-2.1.0.jar;C:\Users\thoma\.m2\repository\org\apache\maven\maven-plugin-api\3.8.4\maven-plugin-api-3.8.4.jar;C:\Users\thoma\.m2\repository\org\apache\maven\maven-model\3.8.4\maven-model-3.8.4.jar;C:\Users\thoma\.m2\repository\org\apache\maven\maven-model-builder\3.8.4\maven-model-builder-3.8.4.jar;C:\Users\thoma\.m2\repository\org\apache\maven\maven-builder-support\3.8.4\maven-builder-support-3.8.4.jar;C:\Users\thoma\.m2\repository\org\apache\maven\resolver\maven-resolver-api\1.6.3\maven-resolver-api-1.6.3.jar;C:\Users\thoma\.m2\repository\org\apache\maven\resolver\maven-resolver-util\1.6.3\maven-resolver-util-1.6.3.jar;C:\Users\thoma\.m2\repository\org\apache\maven\shared\maven-shared-utils\3.3.4\maven-shared-utils-3.3.4.jar;C:\Users\thoma\.m2\repository\com\google\inject\guice\4.2.2\guice-4.2.2-no_aop.jar;C:\Users\thoma\.m2\repository\com\google\guava\guava\30.1.1-jre\guava-30.1.1-jre.jar;C:\Users\thoma\.m2\repository\com\google\guava\failureaccess\1.0.1\failureaccess-1.0.1.jar;C:\Users\thoma\.m2\repository\com\google\guava\listenablefuture\9999.0-empty-to-avoid-conflict-with-guava\listenablefuture-9999.0-empty-to-avoid-conflict-with-guava.jar;C:\Users\thoma\.m2\repository\org\codehaus\plexus\plexus-classworlds\2.6.0\plexus-classworlds-2.6.0.jar;C:\Users\thoma\.m2\repository\org\codehaus\plexus\plexus-sec-dispatcher\2.0\plexus-sec-dispatcher-2.0.jar;C:\Users\thoma\.m2\repository\org\codehaus\plexus\plexus-cipher\2.0\plexus-cipher-2.0.jar;C:\Users\thoma\.m2\repository\commons-cli\commons-cli\1.4\commons-cli-1.4.jar;C:\Users\thoma\.m2\repository\org\eclipse\sisu\org.eclipse.sisu.plexus\0.3.5\org.eclipse.sisu.plexus-0.3.5.jar;C:\Users\thoma\.m2\repository\org\apache\maven\maven-settings-builder\3.8.4\maven-settings-builder-3.8.4.jar;C:\Users\thoma\.m2\repository\org\codehaus\plexus\plexus-interpolation\1.26\plexus-interpolation-1.26.jar;C:\Users\thoma\.m2\repository\org\apache\maven\maven-resolver-provider\3.8.4\maven-resolver-provider-3.8.4.jar;C:\Users\thoma\.m2\repository\org\apache\maven\maven-repository-metadata\3.8.4\maven-repository-metadata-3.8.4.jar;C:\Users\thoma\.m2\repository\org\apache\maven\resolver\maven-resolver-spi\1.6.3\maven-resolver-spi-1.6.3.jar;C:\Users\thoma\.m2\repository\org\apache\maven\resolver\maven-resolver-impl\1.6.3\maven-resolver-impl-1.6.3.jar;C:\Users\thoma\.m2\repository\org\codehaus\plexus\plexus-utils\3.3.0\plexus-utils-3.3.0.jar;C:\Users\thoma\.m2\repository\org\apache\maven\resolver\maven-resolver-connector-basic\1.6.3\maven-resolver-connector-basic-1.6.3.jar;C:\Users\thoma\.m2\repository\org\apache\maven\resolver\maven-resolver-transport-wagon\1.6.3\maven-resolver-transport-wagon-1.6.3.jar;C:\Users\thoma\.m2\repository\org\apache\maven\wagon\wagon-http\3.4.3\wagon-http-3.4.3.jar;C:\Users\thoma\.m2\repository\org\apache\maven\wagon\wagon-http-shared\3.4.3\wagon-http-shared-3.4.3.jar;C:\Users\thoma\.m2\repository\org\jsoup\jsoup\1.14.2\jsoup-1.14.2.jar;C:\Users\thoma\.m2\repository\org\apache\maven\wagon\wagon-provider-api\3.4.3\wagon-provider-api-3.4.3.jar;C:\Users\thoma\.m2\repository\org\apache\maven\wagon\wagon-file\3.4.3\wagon-file-3.4.3.jar;C:\Users\thoma\.m2\repository\io\quarkus\quarkus-bootstrap-gradle-resolver\2.6.1.Final\quarkus-bootstrap-gradle-resolver-2.6.1.Final.jar;C:\Users\thoma\.m2\repository\io\smallrye\common\smallrye-common-io\1.8.0\smallrye-common-io-1.8.0.jar;C:\Users\thoma\.m2\repository\org\eclipse\sisu\org.eclipse.sisu.inject\0.3.5\org.eclipse.sisu.inject-0.3.5.jar;C:\Users\thoma\.m2\repository\io\quarkus\quarkus-test-common\2.6.1.Final\quarkus-test-common-2.6.1.Final.jar;C:\Users\thoma\.m2\repository\io\quarkus\quarkus-core-deployment\2.6.1.Final\quarkus-core-deployment-2.6.1.Final.jar;C:\Users\thoma\.m2\repository\org\aesh\readline\2.1\readline-2.1.jar;C:\Users\thoma\.m2\repository\org\fusesource\jansi\jansi\1.18\jansi-1.18.jar;C:\Users\thoma\.m2\repository\io\quarkus\gizmo\gizmo\1.0.10.Final\gizmo-1.0.10.Final.jar;C:\Users\thoma\.m2\repository\org\ow2\asm\asm-util\9.2\asm-util-9.2.jar;C:\Users\thoma\.m2\repository\org\ow2\asm\asm\9.2\asm-9.2.jar;C:\Users\thoma\.m2\repository\org\ow2\asm\asm-commons\9.2\asm-commons-9.2.jar;C:\Users\thoma\.m2\repository\org\ow2\asm\asm-tree\9.2\asm-tree-9.2.jar;C:\Users\thoma\.m2\repository\org\ow2\asm\asm-analysis\9.2\asm-analysis-9.2.jar;C:\Users\thoma\.m2\repository\io\quarkus\quarkus-class-change-agent\2.6.1.Final\quarkus-class-change-agent-2.6.1.Final.jar;C:\Users\thoma\.m2\repository\io\quarkus\quarkus-devtools-utilities\2.6.1.Final\quarkus-devtools-utilities-2.6.1.Final.jar;C:\Users\thoma\.m2\repository\io\quarkus\quarkus-builder\2.6.1.Final\quarkus-builder-2.6.1.Final.jar;C:\Users\thoma\.m2\repository\io\quarkus\quarkus-jsonp-deployment\2.6.1.Final\quarkus-jsonp-deployment-2.6.1.Final.jar;C:\Users\thoma\.m2\repository\org\jboss\jandex\2.4.1.Final\jandex-2.4.1.Final.jar;C:\Users\thoma\.m2\repository\org\jboss\logging\commons-logging-jboss-logging\1.0.0.Final\commons-logging-jboss-logging-1.0.0.Final.jar;C:\Users\thoma\.m2\repository\io\quarkus\quarkus-junit5-properties\2.6.1.Final\quarkus-junit5-properties-2.6.1.Final.jar;C:\Users\thoma\.m2\repository\org\junit\jupiter\junit-jupiter\5.8.2\junit-jupiter-5.8.2.jar;C:\Users\thoma\.m2\repository\org\junit\jupiter\junit-jupiter-params\5.8.2\junit-jupiter-params-5.8.2.jar;C:\Users\thoma\.m2\repository\com\thoughtworks\xstream\xstream\1.4.18\xstream-1.4.18.jar;C:\Users\thoma\.m2\repository\io\github\x-stream\mxparser\1.2.2\mxparser-1.2.2.jar;C:\Users\thoma\.m2\repository\xmlpull\xmlpull\1.1.3.1\xmlpull-1.1.3.1.jar;C:\Users\thoma\.m2\repository\hubert\dtu\dk\messaging-utilities\3.2\messaging-utilities-3.2.jar;C:\Users\thoma\.m2\repository\com\rabbitmq\amqp-client\5.10.0\amqp-client-5.10.0.jar;C:\Users\thoma\.m2\repository\io\rest-assured\rest-assured\4.4.0\rest-assured-4.4.0.jar;C:\Users\thoma\.m2\repository\org\codehaus\groovy\groovy\3.0.8\groovy-3.0.8.jar;C:\Users\thoma\.m2\repository\org\codehaus\groovy\groovy-xml\3.0.8\groovy-xml-3.0.8.jar;C:\Users\thoma\.m2\repository\org\apache\httpcomponents\httpmime\4.5.13\httpmime-4.5.13.jar;C:\Users\thoma\.m2\repository\org\hamcrest\hamcrest\2.1\hamcrest-2.1.jar;C:\Users\thoma\.m2\repository\org\ccil\cowan\tagsoup\tagsoup\1.2.1\tagsoup-1.2.1.jar;C:\Users\thoma\.m2\repository\io\rest-assured\json-path\4.4.0\json-path-4.4.0.jar;C:\Users\thoma\.m2\repository\org\codehaus\groovy\groovy-json\3.0.8\groovy-json-3.0.8.jar;C:\Users\thoma\.m2\repository\io\rest-assured\rest-assured-common\4.4.0\rest-assured-common-4.4.0.jar;C:\Users\thoma\.m2\repository\io\rest-assured\xml-path\4.4.0\xml-path-4.4.0.jar;C:\Users\thoma\.m2\repository\org\apache\commons\commons-lang3\3.12.0\commons-lang3-3.12.0.jar;C:\Users\thoma\.m2\repository\com\sun\xml\bind\jaxb-impl\2.3.3\jaxb-impl-2.3.3.jar;C:\Users\thoma\.m2\repository\com\sun\xml\ws\jaxws-rt\2.3.3\jaxws-rt-2.3.3.jar;C:\Users\thoma\.m2\repository\com\sun\xml\ws\policy\2.7.10\policy-2.7.10.jar;C:\Users\thoma\.m2\repository\org\glassfish\ha\ha-api\3.1.12\ha-api-3.1.12.jar;C:\Users\thoma\.m2\repository\org\glassfish\external\management-api\3.2.2\management-api-3.2.2.jar;C:\Users\thoma\.m2\repository\org\glassfish\gmbal\gmbal\4.0.1\gmbal-4.0.1.jar;C:\Users\thoma\.m2\repository\org\glassfish\pfl\pfl-tf\4.1.0\pfl-tf-4.1.0.jar;C:\Users\thoma\.m2\repository\org\glassfish\pfl\pfl-basic\4.1.0\pfl-basic-4.1.0.jar;C:\Users\thoma\.m2\repository\org\jvnet\staxex\stax-ex\1.8.3\stax-ex-1.8.3.jar;C:\Users\thoma\.m2\repository\com\sun\xml\stream\buffer\streambuffer\1.5.9\streambuffer-1.5.9.jar;C:\Users\thoma\.m2\repository\org\jvnet\mimepull\mimepull\1.9.13\mimepull-1.9.13.jar;C:\Users\thoma\.m2\repository\com\sun\xml\fastinfoset\FastInfoset\1.2.18\FastInfoset-1.2.18.jar;C:\Users\thoma\.m2\repository\com\sun\activation\jakarta.activation\1.2.1\jakarta.activation-1.2.1.jar;C:\Users\thoma\.m2\repository\com\sun\xml\messaging\saaj\saaj-impl\1.5.2\saaj-impl-1.5.2.jar;C:\Users\thoma\.m2\repository\com\fasterxml\woodstox\woodstox-core\5.1.0\woodstox-core-5.1.0.jar;C:\Users\thoma\.m2\repository\org\codehaus\woodstox\stax2-api\4.1\stax2-api-4.1.jar;C:\Users\thoma\.m2\repository\com\sun\xml\ws\jaxws-tools\2.3.3\jaxws-tools-2.3.3.jar;C:\Users\thoma\.m2\repository\com\sun\xml\bind\jaxb-xjc\2.3.3\jaxb-xjc-2.3.3.jar;C:\Users\thoma\.m2\repository\com\sun\xml\bind\jaxb-jxc\2.3.3\jaxb-jxc-2.3.3.jar;C:\Users\thoma\.m2\repository\com\sun\xml\ws\jaxws-eclipselink-plugin\2.3.3\jaxws-eclipselink-plugin-2.3.3.jar;C:\Users\thoma\.m2\repository\jakarta\persistence\jakarta.persistence-api\2.2.3\jakarta.persistence-api-2.2.3.jar;C:\Users\thoma\.m2\repository\org\eclipse\persistence\org.eclipse.persistence.moxy\2.7.6\org.eclipse.persistence.moxy-2.7.6.jar;C:\Users\thoma\.m2\repository\org\eclipse\persistence\org.eclipse.persistence.core\2.7.6\org.eclipse.persistence.core-2.7.6.jar;C:\Users\thoma\.m2\repository\org\eclipse\persistence\org.eclipse.persistence.asm\2.7.6\org.eclipse.persistence.asm-2.7.6.jar;C:\Users\thoma\.m2\repository\com\sun\mail\jakarta.mail\1.6.5\jakarta.mail-1.6.5.jar;C:\Users\thoma\.m2\repository\com\sun\xml\ws\sdo-eclipselink-plugin\2.3.3\sdo-eclipselink-plugin-2.3.3.jar;C:\Users\thoma\.m2\repository\org\eclipse\persistence\org.eclipse.persistence.sdo\2.7.6\org.eclipse.persistence.sdo-2.7.6.jar;C:\Users\thoma\.m2\repository\org\eclipse\persistence\commonj.sdo\2.1.1\commonj.sdo-2.1.1.jar;C:\Users\thoma\.m2\repository\jakarta\xml\ws\jakarta.xml.ws-api\2.3.3\jakarta.xml.ws-api-2.3.3.jar;C:\Users\thoma\.m2\repository\jakarta\xml\bind\jakarta.xml.bind-api\2.3.3\jakarta.xml.bind-api-2.3.3.jar;C:\Users\thoma\.m2\repository\jakarta\xml\soap\jakarta.xml.soap-api\1.4.2\jakarta.xml.soap-api-1.4.2.jar;C:\Users\thoma\.m2\repository\jakarta\jws\jakarta.jws-api\2.1.0\jakarta.jws-api-2.1.0.jar;C:\Users\thoma\.m2\repository\jakarta\annotation\jakarta.annotation-api\1.3.5\jakarta.annotation-api-1.3.5.jar;"/>
    <property name="java.vm.vendor" value="Oracle Corporation"/>
    <property name="sun.arch.data.model" value="64"/>
    <property name="user.variant" value=""/>
    <property name="java.vendor.url" value="https://java.oracle.com/"/>
    <property name="user.timezone" value="Europe/Copenhagen"/>
    <property name="os.name" value="Windows 10"/>
    <property name="java.vm.specification.version" value="15"/>
    <property name="sun.java.launcher" value="SUN_STANDARD"/>
    <property name="user.country" value="DK"/>
    <property name="sun.boot.library.path" value="C:\Program Files\Java\jdk-15\bin"/>
    <property name="sun.java.command" value="C:\Users\thoma\AppData\Local\Temp\surefire12188387884183370007\surefirebooter4601173621131142255.jar C:\Users\thoma\AppData\Local\Temp\surefire12188387884183370007 2022-01-13T13-36-00_774-jvmRun1 surefire13712584677215109658tmp surefire_01756778669223037226tmp"/>
    <property name="jdk.debug" value="release"/>
    <property name="maven.home" value="C:\Users\thoma\OneDrive\Dokumenter\GitHub\SDWS-ExamProject\account-service\EMBEDDED"/>
    <property name="surefire.test.class.path" value="C:\Users\thoma\OneDrive\Dokumenter\GitHub\SDWS-ExamProject\account-service\target\test-classes;C:\Users\thoma\OneDrive\Dokumenter\GitHub\SDWS-ExamProject\account-service\target\classes;C:\Users\thoma\.m2\repository\com\google\code\gson\gson\2.8.5\gson-2.8.5.jar;C:\Users\thoma\.m2\repository\io\cucumber\cucumber-java\7.0.0\cucumber-java-7.0.0.jar;C:\Users\thoma\.m2\repository\io\cucumber\cucumber-core\7.0.0\cucumber-core-7.0.0.jar;C:\Users\thoma\.m2\repository\io\cucumber\cucumber-gherkin\7.0.0\cucumber-gherkin-7.0.0.jar;C:\Users\thoma\.m2\repository\io\cucumber\cucumber-gherkin-messages\7.0.0\cucumber-gherkin-messages-7.0.0.jar;C:\Users\thoma\.m2\repository\io\cucumber\messages\17.1.1\messages-17.1.1.jar;C:\Users\thoma\.m2\repository\io\cucumber\tag-expressions\4.0.2\tag-expressions-4.0.2.jar;C:\Users\thoma\.m2\repository\io\cucumber\cucumber-expressions\13.0.1\cucumber-expressions-13.0.1.jar;C:\Users\thoma\.m2\repository\io\cucumber\datatable\7.0.0\datatable-7.0.0.jar;C:\Users\thoma\.m2\repository\io\cucumber\cucumber-plugin\7.0.0\cucumber-plugin-7.0.0.jar;C:\Users\thoma\.m2\repository\io\cucumber\docstring\7.0.0\docstring-7.0.0.jar;C:\Users\thoma\.m2\repository\io\cucumber\html-formatter\17.0.0\html-formatter-17.0.0.jar;C:\Users\thoma\.m2\repository\io\cucumber\create-meta\6.0.1\create-meta-6.0.1.jar;C:\Users\thoma\.m2\repository\org\apiguardian\apiguardian-api\1.1.2\apiguardian-api-1.1.2.jar;C:\Users\thoma\.m2\repository\io\cucumber\cucumber-junit\7.0.0\cucumber-junit-7.0.0.jar;C:\Users\thoma\.m2\repository\junit\junit\4.13.2\junit-4.13.2.jar;C:\Users\thoma\.m2\repository\org\hamcrest\hamcrest-core\1.3\hamcrest-core-1.3.jar;C:\Users\thoma\.m2\repository\io\cucumber\cucumber-picocontainer\7.0.0\cucumber-picocontainer-7.0.0.jar;C:\Users\thoma\.m2\repository\org\picocontainer\picocontainer\2.15\picocontainer-2.15.jar;C:\Users\thoma\.m2\repository\org\junit\jupiter\junit-jupiter-engine\5.8.1\junit-jupiter-engine-5.8.1.jar;C:\Users\thoma\.m2\repository\org\junit\platform\junit-platform-engine\1.8.2\junit-platform-engine-1.8.2.jar;C:\Users\thoma\.m2\repository\org\opentest4j\opentest4j\1.2.0\opentest4j-1.2.0.jar;C:\Users\thoma\.m2\repository\org\junit\platform\junit-platform-commons\1.8.2\junit-platform-commons-1.8.2.jar;C:\Users\thoma\.m2\repository\org\junit\jupiter\junit-jupiter-api\5.8.2\junit-jupiter-api-5.8.2.jar;C:\Users\thoma\.m2\repository\org\junit\vintage\junit-vintage-engine\5.8.1\junit-vintage-engine-5.8.1.jar;C:\Users\thoma\.m2\repository\org\junit\platform\junit-platform-runner\1.8.1\junit-platform-runner-1.8.1.jar;C:\Users\thoma\.m2\repository\org\junit\platform\junit-platform-launcher\1.8.2\junit-platform-launcher-1.8.2.jar;C:\Users\thoma\.m2\repository\org\junit\platform\junit-platform-suite-api\1.8.2\junit-platform-suite-api-1.8.2.jar;C:\Users\thoma\.m2\repository\org\junit\platform\junit-platform-suite-commons\1.8.2\junit-platform-suite-commons-1.8.2.jar;C:\Users\thoma\.m2\repository\org\mockito\mockito-core\4.1.0\mockito-core-4.1.0.jar;C:\Users\thoma\.m2\repository\net\bytebuddy\byte-buddy\1.12.1\byte-buddy-1.12.1.jar;C:\Users\thoma\.m2\repository\net\bytebuddy\byte-buddy-agent\1.12.1\byte-buddy-agent-1.12.1.jar;C:\Users\thoma\.m2\repository\org\objenesis\objenesis\3.2\objenesis-3.2.jar;C:\Users\thoma\.m2\repository\org\jboss\resteasy\resteasy-client\4.7.1.Final\resteasy-client-4.7.1.Final.jar;C:\Users\thoma\.m2\repository\org\jboss\resteasy\resteasy-client-api\4.7.4.Final\resteasy-client-api-4.7.4.Final.jar;C:\Users\thoma\.m2\repository\org\jboss\resteasy\resteasy-core-spi\4.7.4.Final\resteasy-core-spi-4.7.4.Final.jar;C:\Users\thoma\.m2\repository\jakarta\validation\jakarta.validation-api\2.0.2\jakarta.validation-api-2.0.2.jar;C:\Users\thoma\.m2\repository\org\jboss\resteasy\resteasy-core\4.7.4.Final\resteasy-core-4.7.4.Final.jar;C:\Users\thoma\.m2\repository\jakarta\activation\jakarta.activation-api\1.2.1\jakarta.activation-api-1.2.1.jar;C:\Users\thoma\.m2\repository\com\ibm\async\asyncutil\0.1.0\asyncutil-0.1.0.jar;C:\Users\thoma\.m2\repository\io\smallrye\config\smallrye-config\2.7.0\smallrye-config-2.7.0.jar;C:\Users\thoma\.m2\repository\io\smallrye\config\smallrye-config-core\2.7.0\smallrye-config-core-2.7.0.jar;C:\Users\thoma\.m2\repository\org\eclipse\microprofile\config\microprofile-config-api\2.0\microprofile-config-api-2.0.jar;C:\Users\thoma\.m2\repository\io\smallrye\common\smallrye-common-expression\1.8.0\smallrye-common-expression-1.8.0.jar;C:\Users\thoma\.m2\repository\io\smallrye\common\smallrye-common-function\1.8.0\smallrye-common-function-1.8.0.jar;C:\Users\thoma\.m2\repository\io\smallrye\common\smallrye-common-constraint\1.8.0\smallrye-common-constraint-1.8.0.jar;C:\Users\thoma\.m2\repository\io\smallrye\common\smallrye-common-classloader\1.8.0\smallrye-common-classloader-1.8.0.jar;C:\Users\thoma\.m2\repository\io\smallrye\config\smallrye-config-common\2.7.0\smallrye-config-common-2.7.0.jar;C:\Users\thoma\.m2\repository\org\jboss\logging\jboss-logging\3.4.2.Final\jboss-logging-3.4.2.Final.jar;C:\Users\thoma\.m2\repository\org\apache\httpcomponents\httpclient\4.5.13\httpclient-4.5.13.jar;C:\Users\thoma\.m2\repository\org\apache\httpcomponents\httpcore\4.4.15\httpcore-4.4.15.jar;C:\Users\thoma\.m2\repository\commons-logging\commons-logging\1.2\commons-logging-1.2.jar;C:\Users\thoma\.m2\repository\commons-codec\commons-codec\1.15\commons-codec-1.15.jar;C:\Users\thoma\.m2\repository\commons-io\commons-io\2.11.0\commons-io-2.11.0.jar;C:\Users\thoma\.m2\repository\org\jboss\spec\javax\ws\rs\jboss-jaxrs-api_2.1_spec\2.0.1.Final\jboss-jaxrs-api_2.1_spec-2.0.1.Final.jar;C:\Users\thoma\.m2\repository\org\reactivestreams\reactive-streams\1.0.3\reactive-streams-1.0.3.jar;C:\Users\thoma\.m2\repository\io\quarkus\quarkus-resteasy-jaxb\2.6.1.Final\quarkus-resteasy-jaxb-2.6.1.Final.jar;C:\Users\thoma\.m2\repository\io\quarkus\quarkus-jaxb\2.6.1.Final\quarkus-jaxb-2.6.1.Final.jar;C:\Users\thoma\.m2\repository\io\quarkus\quarkus-jaxp\2.6.1.Final\quarkus-jaxp-2.6.1.Final.jar;C:\Users\thoma\.m2\repository\org\glassfish\jaxb\jaxb-runtime\2.3.3-b02\jaxb-runtime-2.3.3-b02.jar;C:\Users\thoma\.m2\repository\org\glassfish\jaxb\txw2\2.3.3-b02\txw2-2.3.3-b02.jar;C:\Users\thoma\.m2\repository\com\sun\istack\istack-commons-runtime\3.0.10\istack-commons-runtime-3.0.10.jar;C:\Users\thoma\.m2\repository\org\jboss\resteasy\resteasy-jaxb-provider\4.7.4.Final\resteasy-jaxb-provider-4.7.4.Final.jar;C:\Users\thoma\.m2\repository\org\jboss\spec\javax\xml\bind\jboss-jaxb-api_2.3_spec\2.0.0.Final\jboss-jaxb-api_2.3_spec-2.0.0.Final.jar;C:\Users\thoma\.m2\repository\io\quarkus\quarkus-resteasy-jsonb\2.6.1.Final\quarkus-resteasy-jsonb-2.6.1.Final.jar;C:\Users\thoma\.m2\repository\io\quarkus\quarkus-jsonb\2.6.1.Final\quarkus-jsonb-2.6.1.Final.jar;C:\Users\thoma\.m2\repository\org\eclipse\yasson\1.0.10\yasson-1.0.10.jar;C:\Users\thoma\.m2\repository\io\quarkus\quarkus-jsonp\2.6.1.Final\quarkus-jsonp-2.6.1.Final.jar;C:\Users\thoma\.m2\repository\org\jboss\resteasy\resteasy-json-binding-provider\4.7.4.Final\resteasy-json-binding-provider-4.7.4.Final.jar;C:\Users\thoma\.m2\repository\org\glassfish\jakarta.json\1.1.6\jakarta.json-1.1.6.jar;C:\Users\thoma\.m2\repository\jakarta\json\bind\jakarta.json.bind-api\1.0.2\jakarta.json.bind-api-1.0.2.jar;C:\Users\thoma\.m2\repository\org\jboss\resteasy\resteasy-json-p-provider\4.7.4.Final\resteasy-json-p-provider-4.7.4.Final.jar;C:\Users\thoma\.m2\repository\io\quarkus\quarkus-resteasy\2.6.1.Final\quarkus-resteasy-2.6.1.Final.jar;C:\Users\thoma\.m2\repository\io\quarkus\quarkus-vertx-http\2.6.1.Final\quarkus-vertx-http-2.6.1.Final.jar;C:\Users\thoma\.m2\repository\io\quarkus\quarkus-security-runtime-spi\2.6.1.Final\quarkus-security-runtime-spi-2.6.1.Final.jar;C:\Users\thoma\.m2\repository\io\quarkus\quarkus-mutiny\2.6.1.Final\quarkus-mutiny-2.6.1.Final.jar;C:\Users\thoma\.m2\repository\io\smallrye\reactive\mutiny\1.2.0\mutiny-1.2.0.jar;C:\Users\thoma\.m2\repository\io\quarkus\quarkus-smallrye-context-propagation\2.6.1.Final\quarkus-smallrye-context-propagation-2.6.1.Final.jar;C:\Users\thoma\.m2\repository\io\smallrye\smallrye-context-propagation\1.2.2\smallrye-context-propagation-1.2.2.jar;C:\Users\thoma\.m2\repository\io\smallrye\smallrye-context-propagation-api\1.2.2\smallrye-context-propagation-api-1.2.2.jar;C:\Users\thoma\.m2\repository\io\smallrye\smallrye-context-propagation-storage\1.2.2\smallrye-context-propagation-storage-1.2.2.jar;C:\Users\thoma\.m2\repository\io\smallrye\reactive\mutiny-smallrye-context-propagation\1.2.0\mutiny-smallrye-context-propagation-1.2.0.jar;C:\Users\thoma\.m2\repository\io\quarkus\quarkus-vertx-http-dev-console-runtime-spi\2.6.1.Final\quarkus-vertx-http-dev-console-runtime-spi-2.6.1.Final.jar;C:\Users\thoma\.m2\repository\io\quarkus\security\quarkus-security\1.1.4.Final\quarkus-security-1.1.4.Final.jar;C:\Users\thoma\.m2\repository\io\quarkus\quarkus-vertx\2.6.1.Final\quarkus-vertx-2.6.1.Final.jar;C:\Users\thoma\.m2\repository\io\quarkus\quarkus-netty\2.6.1.Final\quarkus-netty-2.6.1.Final.jar;C:\Users\thoma\.m2\repository\io\netty\netty-codec\4.1.72.Final\netty-codec-4.1.72.Final.jar;C:\Users\thoma\.m2\repository\io\netty\netty-codec-http\4.1.72.Final\netty-codec-http-4.1.72.Final.jar;C:\Users\thoma\.m2\repository\io\netty\netty-codec-http2\4.1.72.Final\netty-codec-http2-4.1.72.Final.jar;C:\Users\thoma\.m2\repository\io\netty\netty-handler\4.1.72.Final\netty-handler-4.1.72.Final.jar;C:\Users\thoma\.m2\repository\io\netty\netty-tcnative-classes\2.0.46.Final\netty-tcnative-classes-2.0.46.Final.jar;C:\Users\thoma\.m2\repository\io\netty\netty-codec-haproxy\4.1.72.Final\netty-codec-haproxy-4.1.72.Final.jar;C:\Users\thoma\.m2\repository\io\netty\netty-buffer\4.1.72.Final\netty-buffer-4.1.72.Final.jar;C:\Users\thoma\.m2\repository\io\netty\netty-transport\4.1.72.Final\netty-transport-4.1.72.Final.jar;C:\Users\thoma\.m2\repository\io\smallrye\common\smallrye-common-annotation\1.8.0\smallrye-common-annotation-1.8.0.jar;C:\Users\thoma\.m2\repository\io\smallrye\reactive\smallrye-mutiny-vertx-core\2.16.0\smallrye-mutiny-vertx-core-2.16.0.jar;C:\Users\thoma\.m2\repository\io\smallrye\reactive\smallrye-mutiny-vertx-runtime\2.16.0\smallrye-mutiny-vertx-runtime-2.16.0.jar;C:\Users\thoma\.m2\repository\io\smallrye\reactive\vertx-mutiny-generator\2.16.0\vertx-mutiny-generator-2.16.0.jar;C:\Users\thoma\.m2\repository\io\vertx\vertx-codegen\4.2.2\vertx-codegen-4.2.2.jar;C:\Users\thoma\.m2\repository\io\smallrye\smallrye-fault-tolerance-vertx\5.2.1\smallrye-fault-tolerance-vertx-5.2.1.jar;C:\Users\thoma\.m2\repository\io\smallrye\reactive\smallrye-mutiny-vertx-web\2.16.0\smallrye-mutiny-vertx-web-2.16.0.jar;C:\Users\thoma\.m2\repository\io\smallrye\reactive\smallrye-mutiny-vertx-web-common\2.16.0\smallrye-mutiny-vertx-web-common-2.16.0.jar;C:\Users\thoma\.m2\repository\io\smallrye\reactive\smallrye-mutiny-vertx-auth-common\2.16.0\smallrye-mutiny-vertx-auth-common-2.16.0.jar;C:\Users\thoma\.m2\repository\io\smallrye\reactive\smallrye-mutiny-vertx-bridge-common\2.16.0\smallrye-mutiny-vertx-bridge-common-2.16.0.jar;C:\Users\thoma\.m2\repository\io\vertx\vertx-web\4.2.2\vertx-web-4.2.2.jar;C:\Users\thoma\.m2\repository\io\vertx\vertx-web-common\4.2.2\vertx-web-common-4.2.2.jar;C:\Users\thoma\.m2\repository\io\vertx\vertx-auth-common\4.2.2\vertx-auth-common-4.2.2.jar;C:\Users\thoma\.m2\repository\io\vertx\vertx-bridge-common\4.2.2\vertx-bridge-common-4.2.2.jar;C:\Users\thoma\.m2\repository\io\vertx\vertx-core\4.2.2\vertx-core-4.2.2.jar;C:\Users\thoma\.m2\repository\io\netty\netty-common\4.1.72.Final\netty-common-4.1.72.Final.jar;C:\Users\thoma\.m2\repository\io\netty\netty-handler-proxy\4.1.72.Final\netty-handler-proxy-4.1.72.Final.jar;C:\Users\thoma\.m2\repository\io\netty\netty-codec-socks\4.1.72.Final\netty-codec-socks-4.1.72.Final.jar;C:\Users\thoma\.m2\repository\io\netty\netty-resolver\4.1.72.Final\netty-resolver-4.1.72.Final.jar;C:\Users\thoma\.m2\repository\io\netty\netty-resolver-dns\4.1.72.Final\netty-resolver-dns-4.1.72.Final.jar;C:\Users\thoma\.m2\repository\io\netty\netty-codec-dns\4.1.72.Final\netty-codec-dns-4.1.72.Final.jar;C:\Users\thoma\.m2\repository\com\fasterxml\jackson\core\jackson-core\2.12.6\jackson-core-2.12.6.jar;C:\Users\thoma\.m2\repository\io\quarkus\quarkus-resteasy-server-common\2.6.1.Final\quarkus-resteasy-server-common-2.6.1.Final.jar;C:\Users\thoma\.m2\repository\io\quarkus\quarkus-resteasy-common\2.6.1.Final\quarkus-resteasy-common-2.6.1.Final.jar;C:\Users\thoma\.m2\repository\io\quarkus\quarkus-arc\2.6.1.Final\quarkus-arc-2.6.1.Final.jar;C:\Users\thoma\.m2\repository\io\quarkus\arc\arc\2.6.1.Final\arc-2.6.1.Final.jar;C:\Users\thoma\.m2\repository\jakarta\enterprise\jakarta.enterprise.cdi-api\2.0.2\jakarta.enterprise.cdi-api-2.0.2.jar;C:\Users\thoma\.m2\repository\jakarta\el\jakarta.el-api\3.0.3\jakarta.el-api-3.0.3.jar;C:\Users\thoma\.m2\repository\jakarta\interceptor\jakarta.interceptor-api\1.2.5\jakarta.interceptor-api-1.2.5.jar;C:\Users\thoma\.m2\repository\jakarta\transaction\jakarta.transaction-api\1.3.3\jakarta.transaction-api-1.3.3.jar;C:\Users\thoma\.m2\repository\io\quarkus\quarkus-core\2.6.1.Final\quarkus-core-2.6.1.Final.jar;C:\Users\thoma\.m2\repository\jakarta\inject\jakarta.inject-api\1.0\jakarta.inject-api-1.0.jar;C:\Users\thoma\.m2\repository\io\quarkus\quarkus-ide-launcher\2.6.1.Final\quarkus-ide-launcher-2.6.1.Final.jar;C:\Users\thoma\.m2\repository\io\quarkus\quarkus-development-mode-spi\2.6.1.Final\quarkus-development-mode-spi-2.6.1.Final.jar;C:\Users\thoma\.m2\repository\org\jboss\logmanager\jboss-logmanager-embedded\1.0.9\jboss-logmanager-embedded-1.0.9.jar;C:\Users\thoma\.m2\repository\org\jboss\logging\jboss-logging-annotations\2.2.1.Final\jboss-logging-annotations-2.2.1.Final.jar;C:\Users\thoma\.m2\repository\org\jboss\threads\jboss-threads\3.4.2.Final\jboss-threads-3.4.2.Final.jar;C:\Users\thoma\.m2\repository\org\slf4j\slf4j-api\1.7.30\slf4j-api-1.7.30.jar;C:\Users\thoma\.m2\repository\org\jboss\slf4j\slf4j-jboss-logmanager\1.1.0.Final\slf4j-jboss-logmanager-1.1.0.Final.jar;C:\Users\thoma\.m2\repository\org\graalvm\sdk\graal-sdk\21.3.0\graal-sdk-21.3.0.jar;C:\Users\thoma\.m2\repository\org\wildfly\common\wildfly-common\1.5.4.Final-format-001\wildfly-common-1.5.4.Final-format-001.jar;C:\Users\thoma\.m2\repository\io\quarkus\quarkus-bootstrap-runner\2.6.1.Final\quarkus-bootstrap-runner-2.6.1.Final.jar;C:\Users\thoma\.m2\repository\io\quarkus\quarkus-fs-util\0.0.3\quarkus-fs-util-0.0.3.jar;C:\Users\thoma\.m2\repository\org\eclipse\microprofile\context-propagation\microprofile-context-propagation-api\1.2\microprofile-context-propagation-api-1.2.jar;C:\Users\thoma\.m2\repository\io\quarkus\quarkus-junit5\2.6.1.Final\quarkus-junit5-2.6.1.Final.jar;C:\Users\thoma\.m2\repository\io\quarkus\quarkus-bootstrap-core\2.6.1.Final\quarkus-bootstrap-core-2.6.1.Final.jar;C:\Users\thoma\.m2\repository\io\quarkus\quarkus-bootstrap-app-model\2.6.1.Final\quarkus-bootstrap-app-model-2.6.1.Final.jar;C:\Users\thoma\.m2\repository\io\quarkus\quarkus-bootstrap-maven-resolver\2.6.1.Final\quarkus-bootstrap-maven-resolver-2.6.1.Final.jar;C:\Users\thoma\.m2\repository\org\apache\maven\maven-embedder\3.8.4\maven-embedder-3.8.4.jar;C:\Users\thoma\.m2\repository\org\apache\maven\maven-settings\3.8.4\maven-settings-3.8.4.jar;C:\Users\thoma\.m2\repository\org\apache\maven\maven-core\3.8.4\maven-core-3.8.4.jar;C:\Users\thoma\.m2\repository\org\apache\maven\maven-artifact\3.8.4\maven-artifact-3.8.4.jar;C:\Users\thoma\.m2\repository\org\codehaus\plexus\plexus-component-annotations\2.1.0\plexus-component-annotations-2.1.0.jar;C:\Users\thoma\.m2\repository\org\apache\maven\maven-plugin-api\3.8.4\maven-plugin-api-3.8.4.jar;C:\Users\thoma\.m2\repository\org\apache\maven\maven-model\3.8.4\maven-model-3.8.4.jar;C:\Users\thoma\.m2\repository\org\apache\maven\maven-model-builder\3.8.4\maven-model-builder-3.8.4.jar;C:\Users\thoma\.m2\repository\org\apache\maven\maven-builder-support\3.8.4\maven-builder-support-3.8.4.jar;C:\Users\thoma\.m2\repository\org\apache\maven\resolver\maven-resolver-api\1.6.3\maven-resolver-api-1.6.3.jar;C:\Users\thoma\.m2\repository\org\apache\maven\resolver\maven-resolver-util\1.6.3\maven-resolver-util-1.6.3.jar;C:\Users\thoma\.m2\repository\org\apache\maven\shared\maven-shared-utils\3.3.4\maven-shared-utils-3.3.4.jar;C:\Users\thoma\.m2\repository\com\google\inject\guice\4.2.2\guice-4.2.2-no_aop.jar;C:\Users\thoma\.m2\repository\com\google\guava\guava\30.1.1-jre\guava-30.1.1-jre.jar;C:\Users\thoma\.m2\repository\com\google\guava\failureaccess\1.0.1\failureaccess-1.0.1.jar;C:\Users\thoma\.m2\repository\com\google\guava\listenablefuture\9999.0-empty-to-avoid-conflict-with-guava\listenablefuture-9999.0-empty-to-avoid-conflict-with-guava.jar;C:\Users\thoma\.m2\repository\org\codehaus\plexus\plexus-classworlds\2.6.0\plexus-classworlds-2.6.0.jar;C:\Users\thoma\.m2\repository\org\codehaus\plexus\plexus-sec-dispatcher\2.0\plexus-sec-dispatcher-2.0.jar;C:\Users\thoma\.m2\repository\org\codehaus\plexus\plexus-cipher\2.0\plexus-cipher-2.0.jar;C:\Users\thoma\.m2\repository\commons-cli\commons-cli\1.4\commons-cli-1.4.jar;C:\Users\thoma\.m2\repository\org\eclipse\sisu\org.eclipse.sisu.plexus\0.3.5\org.eclipse.sisu.plexus-0.3.5.jar;C:\Users\thoma\.m2\repository\org\apache\maven\maven-settings-builder\3.8.4\maven-settings-builder-3.8.4.jar;C:\Users\thoma\.m2\repository\org\codehaus\plexus\plexus-interpolation\1.26\plexus-interpolation-1.26.jar;C:\Users\thoma\.m2\repository\org\apache\maven\maven-resolver-provider\3.8.4\maven-resolver-provider-3.8.4.jar;C:\Users\thoma\.m2\repository\org\apache\maven\maven-repository-metadata\3.8.4\maven-repository-metadata-3.8.4.jar;C:\Users\thoma\.m2\repository\org\apache\maven\resolver\maven-resolver-spi\1.6.3\maven-resolver-spi-1.6.3.jar;C:\Users\thoma\.m2\repository\org\apache\maven\resolver\maven-resolver-impl\1.6.3\maven-resolver-impl-1.6.3.jar;C:\Users\thoma\.m2\repository\org\codehaus\plexus\plexus-utils\3.3.0\plexus-utils-3.3.0.jar;C:\Users\thoma\.m2\repository\org\apache\maven\resolver\maven-resolver-connector-basic\1.6.3\maven-resolver-connector-basic-1.6.3.jar;C:\Users\thoma\.m2\repository\org\apache\maven\resolver\maven-resolver-transport-wagon\1.6.3\maven-resolver-transport-wagon-1.6.3.jar;C:\Users\thoma\.m2\repository\org\apache\maven\wagon\wagon-http\3.4.3\wagon-http-3.4.3.jar;C:\Users\thoma\.m2\repository\org\apache\maven\wagon\wagon-http-shared\3.4.3\wagon-http-shared-3.4.3.jar;C:\Users\thoma\.m2\repository\org\jsoup\jsoup\1.14.2\jsoup-1.14.2.jar;C:\Users\thoma\.m2\repository\org\apache\maven\wagon\wagon-provider-api\3.4.3\wagon-provider-api-3.4.3.jar;C:\Users\thoma\.m2\repository\org\apache\maven\wagon\wagon-file\3.4.3\wagon-file-3.4.3.jar;C:\Users\thoma\.m2\repository\io\quarkus\quarkus-bootstrap-gradle-resolver\2.6.1.Final\quarkus-bootstrap-gradle-resolver-2.6.1.Final.jar;C:\Users\thoma\.m2\repository\io\smallrye\common\smallrye-common-io\1.8.0\smallrye-common-io-1.8.0.jar;C:\Users\thoma\.m2\repository\org\eclipse\sisu\org.eclipse.sisu.inject\0.3.5\org.eclipse.sisu.inject-0.3.5.jar;C:\Users\thoma\.m2\repository\io\quarkus\quarkus-test-common\2.6.1.Final\quarkus-test-common-2.6.1.Final.jar;C:\Users\thoma\.m2\repository\io\quarkus\quarkus-core-deployment\2.6.1.Final\quarkus-core-deployment-2.6.1.Final.jar;C:\Users\thoma\.m2\repository\org\aesh\readline\2.1\readline-2.1.jar;C:\Users\thoma\.m2\repository\org\fusesource\jansi\jansi\1.18\jansi-1.18.jar;C:\Users\thoma\.m2\repository\io\quarkus\gizmo\gizmo\1.0.10.Final\gizmo-1.0.10.Final.jar;C:\Users\thoma\.m2\repository\org\ow2\asm\asm-util\9.2\asm-util-9.2.jar;C:\Users\thoma\.m2\repository\org\ow2\asm\asm\9.2\asm-9.2.jar;C:\Users\thoma\.m2\repository\org\ow2\asm\asm-commons\9.2\asm-commons-9.2.jar;C:\Users\thoma\.m2\repository\org\ow2\asm\asm-tree\9.2\asm-tree-9.2.jar;C:\Users\thoma\.m2\repository\org\ow2\asm\asm-analysis\9.2\asm-analysis-9.2.jar;C:\Users\thoma\.m2\repository\io\quarkus\quarkus-class-change-agent\2.6.1.Final\quarkus-class-change-agent-2.6.1.Final.jar;C:\Users\thoma\.m2\repository\io\quarkus\quarkus-devtools-utilities\2.6.1.Final\quarkus-devtools-utilities-2.6.1.Final.jar;C:\Users\thoma\.m2\repository\io\quarkus\quarkus-builder\2.6.1.Final\quarkus-builder-2.6.1.Final.jar;C:\Users\thoma\.m2\repository\io\quarkus\quarkus-jsonp-deployment\2.6.1.Final\quarkus-jsonp-deployment-2.6.1.Final.jar;C:\Users\thoma\.m2\repository\org\jboss\jandex\2.4.1.Final\jandex-2.4.1.Final.jar;C:\Users\thoma\.m2\repository\org\jboss\logging\commons-logging-jboss-logging\1.0.0.Final\commons-logging-jboss-logging-1.0.0.Final.jar;C:\Users\thoma\.m2\repository\io\quarkus\quarkus-junit5-properties\2.6.1.Final\quarkus-junit5-properties-2.6.1.Final.jar;C:\Users\thoma\.m2\repository\org\junit\jupiter\junit-jupiter\5.8.2\junit-jupiter-5.8.2.jar;C:\Users\thoma\.m2\repository\org\junit\jupiter\junit-jupiter-params\5.8.2\junit-jupiter-params-5.8.2.jar;C:\Users\thoma\.m2\repository\com\thoughtworks\xstream\xstream\1.4.18\xstream-1.4.18.jar;C:\Users\thoma\.m2\repository\io\github\x-stream\mxparser\1.2.2\mxparser-1.2.2.jar;C:\Users\thoma\.m2\repository\xmlpull\xmlpull\1.1.3.1\xmlpull-1.1.3.1.jar;C:\Users\thoma\.m2\repository\hubert\dtu\dk\messaging-utilities\3.2\messaging-utilities-3.2.jar;C:\Users\thoma\.m2\repository\com\rabbitmq\amqp-client\5.10.0\amqp-client-5.10.0.jar;C:\Users\thoma\.m2\repository\io\rest-assured\rest-assured\4.4.0\rest-assured-4.4.0.jar;C:\Users\thoma\.m2\repository\org\codehaus\groovy\groovy\3.0.8\groovy-3.0.8.jar;C:\Users\thoma\.m2\repository\org\codehaus\groovy\groovy-xml\3.0.8\groovy-xml-3.0.8.jar;C:\Users\thoma\.m2\repository\org\apache\httpcomponents\httpmime\4.5.13\httpmime-4.5.13.jar;C:\Users\thoma\.m2\repository\org\hamcrest\hamcrest\2.1\hamcrest-2.1.jar;C:\Users\thoma\.m2\repository\org\ccil\cowan\tagsoup\tagsoup\1.2.1\tagsoup-1.2.1.jar;C:\Users\thoma\.m2\repository\io\rest-assured\json-path\4.4.0\json-path-4.4.0.jar;C:\Users\thoma\.m2\repository\org\codehaus\groovy\groovy-json\3.0.8\groovy-json-3.0.8.jar;C:\Users\thoma\.m2\repository\io\rest-assured\rest-assured-common\4.4.0\rest-assured-common-4.4.0.jar;C:\Users\thoma\.m2\repository\io\rest-assured\xml-path\4.4.0\xml-path-4.4.0.jar;C:\Users\thoma\.m2\repository\org\apache\commons\commons-lang3\3.12.0\commons-lang3-3.12.0.jar;C:\Users\thoma\.m2\repository\com\sun\xml\bind\jaxb-impl\2.3.3\jaxb-impl-2.3.3.jar;C:\Users\thoma\.m2\repository\com\sun\xml\ws\jaxws-rt\2.3.3\jaxws-rt-2.3.3.jar;C:\Users\thoma\.m2\repository\com\sun\xml\ws\policy\2.7.10\policy-2.7.10.jar;C:\Users\thoma\.m2\repository\org\glassfish\ha\ha-api\3.1.12\ha-api-3.1.12.jar;C:\Users\thoma\.m2\repository\org\glassfish\external\management-api\3.2.2\management-api-3.2.2.jar;C:\Users\thoma\.m2\repository\org\glassfish\gmbal\gmbal\4.0.1\gmbal-4.0.1.jar;C:\Users\thoma\.m2\repository\org\glassfish\pfl\pfl-tf\4.1.0\pfl-tf-4.1.0.jar;C:\Users\thoma\.m2\repository\org\glassfish\pfl\pfl-basic\4.1.0\pfl-basic-4.1.0.jar;C:\Users\thoma\.m2\repository\org\jvnet\staxex\stax-ex\1.8.3\stax-ex-1.8.3.jar;C:\Users\thoma\.m2\repository\com\sun\xml\stream\buffer\streambuffer\1.5.9\streambuffer-1.5.9.jar;C:\Users\thoma\.m2\repository\org\jvnet\mimepull\mimepull\1.9.13\mimepull-1.9.13.jar;C:\Users\thoma\.m2\repository\com\sun\xml\fastinfoset\FastInfoset\1.2.18\FastInfoset-1.2.18.jar;C:\Users\thoma\.m2\repository\com\sun\activation\jakarta.activation\1.2.1\jakarta.activation-1.2.1.jar;C:\Users\thoma\.m2\repository\com\sun\xml\messaging\saaj\saaj-impl\1.5.2\saaj-impl-1.5.2.jar;C:\Users\thoma\.m2\repository\com\fasterxml\woodstox\woodstox-core\5.1.0\woodstox-core-5.1.0.jar;C:\Users\thoma\.m2\repository\org\codehaus\woodstox\stax2-api\4.1\stax2-api-4.1.jar;C:\Users\thoma\.m2\repository\com\sun\xml\ws\jaxws-tools\2.3.3\jaxws-tools-2.3.3.jar;C:\Users\thoma\.m2\repository\com\sun\xml\bind\jaxb-xjc\2.3.3\jaxb-xjc-2.3.3.jar;C:\Users\thoma\.m2\repository\com\sun\xml\bind\jaxb-jxc\2.3.3\jaxb-jxc-2.3.3.jar;C:\Users\thoma\.m2\repository\com\sun\xml\ws\jaxws-eclipselink-plugin\2.3.3\jaxws-eclipselink-plugin-2.3.3.jar;C:\Users\thoma\.m2\repository\jakarta\persistence\jakarta.persistence-api\2.2.3\jakarta.persistence-api-2.2.3.jar;C:\Users\thoma\.m2\repository\org\eclipse\persistence\org.eclipse.persistence.moxy\2.7.6\org.eclipse.persistence.moxy-2.7.6.jar;C:\Users\thoma\.m2\repository\org\eclipse\persistence\org.eclipse.persistence.core\2.7.6\org.eclipse.persistence.core-2.7.6.jar;C:\Users\thoma\.m2\repository\org\eclipse\persistence\org.eclipse.persistence.asm\2.7.6\org.eclipse.persistence.asm-2.7.6.jar;C:\Users\thoma\.m2\repository\com\sun\mail\jakarta.mail\1.6.5\jakarta.mail-1.6.5.jar;C:\Users\thoma\.m2\repository\com\sun\xml\ws\sdo-eclipselink-plugin\2.3.3\sdo-eclipselink-plugin-2.3.3.jar;C:\Users\thoma\.m2\repository\org\eclipse\persistence\org.eclipse.persistence.sdo\2.7.6\org.eclipse.persistence.sdo-2.7.6.jar;C:\Users\thoma\.m2\repository\org\eclipse\persistence\commonj.sdo\2.1.1\commonj.sdo-2.1.1.jar;C:\Users\thoma\.m2\repository\jakarta\xml\ws\jakarta.xml.ws-api\2.3.3\jakarta.xml.ws-api-2.3.3.jar;C:\Users\thoma\.m2\repository\jakarta\xml\bind\jakarta.xml.bind-api\2.3.3\jakarta.xml.bind-api-2.3.3.jar;C:\Users\thoma\.m2\repository\jakarta\xml\soap\jakarta.xml.soap-api\1.4.2\jakarta.xml.soap-api-1.4.2.jar;C:\Users\thoma\.m2\repository\jakarta\jws\jakarta.jws-api\2.1.0\jakarta.jws-api-2.1.0.jar;C:\Users\thoma\.m2\repository\jakarta\annotation\jakarta.annotation-api\1.3.5\jakarta.annotation-api-1.3.5.jar;"/>
    <property name="sun.cpu.endian" value="little"/>
    <property name="user.home" value="C:\Users\thoma"/>
    <property name="user.language" value="da"/>
    <property name="java.specification.vendor" value="Oracle Corporation"/>
    <property name="java.version.date" value="2020-09-15"/>
    <property name="java.home" value="C:\Program Files\Java\jdk-15"/>
    <property name="file.separator" value="\"/>
    <property name="basedir" value="C:\Users\thoma\OneDrive\Dokumenter\GitHub\SDWS-ExamProject\account-service"/>
    <property name="java.vm.compressedOopsMode" value="Zero based"/>
    <property name="line.separator" value="&#10;"/>
    <property name="java.vm.specification.vendor" value="Oracle Corporation"/>
    <property name="java.specification.name" value="Java Platform API Specification"/>
    <property name="surefire.real.class.path" value="C:\Users\thoma\AppData\Local\Temp\surefire12188387884183370007\surefirebooter4601173621131142255.jar"/>
    <property name="user.script" value=""/>
    <property name="sun.management.compiler" value="HotSpot 64-Bit Tiered Compilers"/>
    <property name="java.runtime.version" value="15+36-1562"/>
    <property name="user.name" value="thoma"/>
    <property name="path.separator" value=";"/>
    <property name="os.version" value="10.0"/>
    <property name="java.runtime.name" value="Java(TM) SE Runtime Environment"/>
    <property name="file.encoding" value="Cp1252"/>
    <property name="java.vm.name" value="Java HotSpot(TM) 64-Bit Server VM"/>
    <property name="localRepository" value="C:\Users\thoma\.m2\repository"/>
    <property name="java.vendor.url.bug" value="https://bugreport.java.com/bugreport/"/>
    <property name="java.io.tmpdir" value="C:\Users\thoma\AppData\Local\Temp\"/>
    <property name="java.version" value="15"/>
    <property name="user.dir" value="C:\Users\thoma\OneDrive\Dokumenter\GitHub\SDWS-ExamProject\account-service"/>
    <property name="os.arch" value="amd64"/>
    <property name="java.vm.specification.name" value="Java Virtual Machine Specification"/>
    <property name="sun.os.patch.level" value=""/>
    <property name="java.util.logging.manager" value="org.jboss.logmanager.LogManager"/>
    <property name="java.library.path" value="C:\Program Files\Java\jdk-15\bin;C:\Windows\Sun\Java\bin;C:\Windows\system32;C:\Windows;C:\Python39\Scripts\;C:\Python39\;C:\Program Files\Common Files\Oracle\Java\javapath;C:\Program Files\AdoptOpenJDK\jdk-11.0.8.10-hotspot\bin;C:\Windows\system32;C:\Windows;C:\Windows\System32\Wbem;C:\Windows\System32\WindowsPowerShell\v1.0\;C:\Windows\System32\OpenSSH\;C:\Program Files\NVIDIA Corporation\NVIDIA NvDLISR;C:\Program Files (x86)\NVIDIA Corporation\PhysX\Common;C:\ProgramData\chocolatey\bin;C:\Program Files\Git\cmd;C:\Program Files\MATLAB\R2021a\runtime\win64;C:\Program Files\MATLAB\R2021a\bin;C:\Users\thoma\OneDrive\Dokumenter\MSYS2\mingw64\bin;C:\Program Files\nodejs\;C:\Program Files\Docker\Docker\resources\bin;C:\ProgramData\DockerDesktop\version-bin;C:\Users\thoma\AppData\Local\Microsoft\WindowsApps;C:\Users\thoma\AppData\Local\GitHubDesktop\bin;C:\Users\thoma\AppData\Local\atom\bin;C:\Program Files (x86)\Nmap;C:\Users\thoma\AppData\Local\Programs\Microsoft VS Code\bin;C:\Users\thoma\AppData\Local\Programs\Microsoft VS Code Insiders\bin;C:\Users\thoma\AppData\Roaming\npm;."/>
    <property name="java.vm.info" value="mixed mode, sharing"/>
    <property name="java.vendor" value="Oracle Corporation"/>
    <property name="java.vm.version" value="15+36-1562"/>
    <property name="sun.io.unicode.encoding" value="UnicodeLittle"/>
    <property name="java.class.version" value="59.0"/>
  </properties>
  <testcase name="customer registers account" classname="services.AccountTest" time="1.34"/>
</testsuite>